{"uuid":"11db7f3a-ef8c-4597-937b-eceb0eb898f5","historyId":"9a553a91f0b6619f3f724d53055db90a","fullName":"LambdaTestMobileAutomation.setUp","labels":[{"name":"package","value":"LambdaTestMobileAutomation"},{"name":"testClass","value":"LambdaTestMobileAutomation"},{"name":"testMethod","value":"setUp"},{"name":"parentSuite","value":"MobileAutomationSuite"},{"name":"suite","value":"MobileTest5"},{"name":"subSuite","value":"LambdaTestMobileAutomation"},{"name":"host","value":"LT-MBP-098.local"},{"name":"thread","value":"43451@LT-MBP-098.local.TestNG-test=MobileTest5-1(27)"},{"name":"framework","value":"testng"},{"name":"language","value":"java"},{"name":"AS_ID","value":"-1"}],"links":[],"name":"setUp","status":"broken","statusDetails":{"known":false,"muted":false,"flaky":false,"message":"Could not start a new session. Possible causes are invalid address of the remote server or browser start-up failure. \nHost info: host: 'LT-MBP-098.local', ip: '192.168.100.74'\nBuild info: version: '4.14.0', revision: 'e5a96349ce'\nSystem info: os.name: 'Mac OS X', os.arch: 'x86_64', os.version: '14.5', java.version: '17.0.12'\nDriver info: org.openqa.selenium.remote.RemoteWebDriver\nCommand: [null, newSession {capabilities=[Capabilities {LT:Options: {build: LambdaTest Android Automation, console: true, name: Android Automation on Samsu..., performance: true, video: true}, browserName: Chrome, browserVersion: latest, device: Samsung Galaxy Note 20, goog:chromeOptions: {args: [], extensions: []}, platformName: ANDROID}]}]\nCapabilities {LT:Options: {build: LambdaTest Android Automation, console: true, name: Android Automation on Samsu..., performance: true, video: true}, browserName: Chrome, browserVersion: latest, device: Samsung Galaxy Note 20, goog:chromeOptions: {args: [], extensions: []}, platformName: ANDROID}","trace":"org.openqa.selenium.SessionNotCreatedException: Could not start a new session. Possible causes are invalid address of the remote server or browser start-up failure. \nHost info: host: 'LT-MBP-098.local', ip: '192.168.100.74'\nBuild info: version: '4.14.0', revision: 'e5a96349ce'\nSystem info: os.name: 'Mac OS X', os.arch: 'x86_64', os.version: '14.5', java.version: '17.0.12'\nDriver info: org.openqa.selenium.remote.RemoteWebDriver\nCommand: [null, newSession {capabilities=[Capabilities {LT:Options: {build: LambdaTest Android Automation, console: true, name: Android Automation on Samsu..., performance: true, video: true}, browserName: Chrome, browserVersion: latest, device: Samsung Galaxy Note 20, goog:chromeOptions: {args: [], extensions: []}, platformName: ANDROID}]}]\nCapabilities {LT:Options: {build: LambdaTest Android Automation, console: true, name: Android Automation on Samsu..., performance: true, video: true}, browserName: Chrome, browserVersion: latest, device: Samsung Galaxy Note 20, goog:chromeOptions: {args: [], extensions: []}, platformName: ANDROID}\n\tat org.openqa.selenium.remote.RemoteWebDriver.execute(RemoteWebDriver.java:620)\n\tat org.openqa.selenium.remote.RemoteWebDriver.startSession(RemoteWebDriver.java:236)\n\tat org.openqa.selenium.remote.RemoteWebDriver.<init>(RemoteWebDriver.java:163)\n\tat org.openqa.selenium.remote.RemoteWebDriver.<init>(RemoteWebDriver.java:143)\n\tat LambdaTestMobileAutomation.setUp(LambdaTestMobileAutomation.java:41)\n\tat java.base/jdk.internal.reflect.NativeMethodAccessorImpl.invoke0(Native Method)\n\tat java.base/jdk.internal.reflect.NativeMethodAccessorImpl.invoke(NativeMethodAccessorImpl.java:77)\n\tat java.base/jdk.internal.reflect.DelegatingMethodAccessorImpl.invoke(DelegatingMethodAccessorImpl.java:43)\n\tat java.base/java.lang.reflect.Method.invoke(Method.java:569)\n\tat org.testng.internal.MethodInvocationHelper.invokeMethod(MethodInvocationHelper.java:133)\n\tat org.testng.internal.MethodInvocationHelper.invokeMethodConsideringTimeout(MethodInvocationHelper.java:62)\n\tat org.testng.internal.ConfigInvoker.invokeConfigurationMethod(ConfigInvoker.java:385)\n\tat org.testng.internal.ConfigInvoker.invokeConfigurations(ConfigInvoker.java:321)\n\tat org.testng.internal.TestMethodWorker.invokeBeforeClassMethods(TestMethodWorker.java:176)\n\tat org.testng.internal.TestMethodWorker.run(TestMethodWorker.java:122)\n\tat java.base/java.util.concurrent.ThreadPoolExecutor.runWorker(ThreadPoolExecutor.java:1136)\n\tat java.base/java.util.concurrent.ThreadPoolExecutor$Worker.run(ThreadPoolExecutor.java:635)\n\tat java.base/java.lang.Thread.run(Thread.java:840)\nCaused by: java.lang.IllegalArgumentException: Illegal key values seen in w3c capabilities: [device]\n\tat org.openqa.selenium.remote.NewSessionPayload.lambda$validate$4(NewSessionPayload.java:184)\n\tat java.base/java.util.stream.ReferencePipeline$15$1.accept(ReferencePipeline.java:540)\n\tat java.base/java.util.stream.ReferencePipeline$15$1.accept(ReferencePipeline.java:541)\n\tat java.base/java.util.stream.ReferencePipeline$3$1.accept(ReferencePipeline.java:197)\n\tat java.base/java.util.stream.ReferencePipeline$15$1.accept(ReferencePipeline.java:541)\n\tat java.base/java.util.ArrayList$ArrayListSpliterator.forEachRemaining(ArrayList.java:1625)\n\tat java.base/java.util.stream.AbstractPipeline.copyInto(AbstractPipeline.java:509)\n\tat java.base/java.util.stream.AbstractPipeline.wrapAndCopyInto(AbstractPipeline.java:499)\n\tat java.base/java.util.stream.ForEachOps$ForEachOp.evaluateSequential(ForEachOps.java:150)\n\tat java.base/java.util.stream.ForEachOps$ForEachOp$OfRef.evaluateSequential(ForEachOps.java:173)\n\tat java.base/java.util.stream.AbstractPipeline.evaluate(AbstractPipeline.java:234)\n\tat java.base/java.util.stream.ReferencePipeline.forEach(ReferencePipeline.java:596)\n\tat org.openqa.selenium.remote.NewSessionPayload.validate(NewSessionPayload.java:188)\n\tat org.openqa.selenium.remote.NewSessionPayload.<init>(NewSessionPayload.java:91)\n\tat org.openqa.selenium.remote.NewSessionPayload.create(NewSessionPayload.java:127)\n\tat org.openqa.selenium.remote.NewSessionPayload.create(NewSessionPayload.java:111)\n\tat org.openqa.selenium.remote.ProtocolHandshake.createSession(ProtocolHandshake.java:67)\n\tat org.openqa.selenium.remote.HttpCommandExecutor.execute(HttpCommandExecutor.java:163)\n\tat org.openqa.selenium.remote.TracedCommandExecutor.execute(TracedCommandExecutor.java:51)\n\tat org.openqa.selenium.remote.RemoteWebDriver.execute(RemoteWebDriver.java:602)\n\t... 17 more\n"},"stage":"finished","steps":[],"attachments":[],"parameters":[{"name":"version","value":"latest"},{"name":"device","value":"Samsung Galaxy Note 20"},{"name":"platform","value":"Android"},{"name":"browser","value":"Chrome"}],"start":1729176449004,"stop":1729176449006}